Warning: replacing previous import ‘show’ when loading ‘rJava’
XLConnect 0.2-7 by Mirai Solutions GmbH
http://www.mirai-solutions.com ,
http://miraisolutions.wordpress.com
Loading required package: DBI
Loading required package: gsubfn
Loading required package: proto
Warning in doTryCatch(return(expr), name, parentenv, handler) :
  unable to load shared object '/usr/lib/R/modules//R_X11.so':
  libSM.so.6: failed to map segment from shared object: Cannot allocate memory
Loading required namespace: tcltk
Loading Tcl/Tk interface ... Warning in fun(libname, pkgname) :
  no DISPLAY variable so Tk is not available
done
Loading required package: chron
Loading required package: RSQLite
Error in tryCatchOne(expr, names, parentenv, handlers[[1L]]) : 
  internal error -4 in R_decompress1
Calls: runApp ... library -> try -> tryCatch -> tryCatchList -> tryCatchOne
Execution halted
